<?xml version="1.0" encoding="UTF-8"?>
<!-- Generated by org.testng.reporters.JUnitReportReporter -->
<testsuite hostname="DESKTOP-KQHO31F" failures="0" tests="1" name="Amazon_Test.TestCaseAddRemovecart_10" time="59.400" errors="0" timestamp="2024-09-06T12:51:05 IST" skipped="0">
  <testcase classname="Amazon_Test.TestCaseAddRemovecart_10" name="addremovecart" time="59.400"/>
  <system-out>
    <![CDATA[Testcase is pass]]>
  </system-out>
</testsuite> <!-- Amazon_Test.TestCaseAddRemovecart_10 -->
