<?xml version="1.0" encoding="UTF-8"?>
<!-- Generated by org.testng.reporters.JUnitReportReporter -->
<testsuite hostname="DESKTOP-KQHO31F" failures="0" tests="1" name="Amazon_Test.TestCaseSorting_8" time="32.305" errors="0" timestamp="2024-09-06T12:51:05 IST" skipped="0">
  <testcase classname="Amazon_Test.TestCaseSorting_8" name="sortingprice_reviews" time="32.305"/>
  <system-out>
    <![CDATA[Testcase is pass]]>
  </system-out>
</testsuite> <!-- Amazon_Test.TestCaseSorting_8 -->
