<?xml version="1.0" encoding="UTF-8"?>
<!-- Generated by org.testng.reporters.JUnitReportReporter -->
<testsuite hostname="DESKTOP-KQHO31F" failures="0" tests="1" name="FlightBookingTest.TestCaseRoundTrip_5" time="46.522" errors="0" timestamp="2024-09-09T17:54:20 IST" skipped="0">
  <testcase classname="FlightBookingTest.TestCaseRoundTrip_5" name="Roundtrip" time="46.522"/>
  <system-out/>
</testsuite> <!-- FlightBookingTest.TestCaseRoundTrip_5 -->
