<?xml version="1.0" encoding="UTF-8"?>
<!-- Generated by org.testng.reporters.JUnitReportReporter -->
<testsuite hostname="DESKTOP-KQHO31F" failures="0" tests="1" name="FlightBookingTest.TestCaseOneWay_4" time="50.328" errors="0" timestamp="2024-09-09T17:54:20 IST" skipped="0">
  <testcase classname="FlightBookingTest.TestCaseOneWay_4" name="search_flight" time="50.328"/>
  <system-out/>
</testsuite> <!-- FlightBookingTest.TestCaseOneWay_4 -->
